In file included from [01m[K/opt/ros/kinetic/include/ros/ros.h:54:0[m[K,
                 from [01m[K/home/nicolas/catkin_ws/src/aubo_robot/aubo_driver/src/aubo_control.cpp:1[m[K:
/opt/ros/kinetic/include/ros/param.h: In instantiation of â€˜[01m[Kbool ros::param::param(const string&, T&, const T&) [with T = double [3]; std::__cxx11::string = std::__cxx11::basic_string<char>][m[Kâ€™:
[01m[K/home/nicolas/catkin_ws/src/aubo_robot/aubo_driver/src/aubo_control.cpp:431:79:[m[K   required from here
[01m[K/opt/ros/kinetic/include/ros/param.h:612:12:[m[K [01;31m[Kerror: [m[Kno matching function for call to â€˜[01m[Kget(const string&, double [3])[m[Kâ€™
     if (get(param_name, param_val))
[01;32m[K            ^[m[K
[01m[K/opt/ros/kinetic/include/ros/param.h:199:18:[m[K [01;36m[Knote: [m[Kcandidate: bool ros::param::get(const string&, int&) <near match>
 ROSCPP_DECL bool get(const std::string& key, int& i);
[01;32m[K                  ^[m[K
[01m[K/opt/ros/kinetic/include/ros/param.h:199:18:[m[K [01;36m[Knote: [m[K  conversion of argument 2 would be ill-formed:
[01m[K/opt/ros/kinetic/include/ros/param.h:612:12:[m[K [01;31m[Kerror: [m[Kinvalid conversion from â€˜[01m[Kdouble*[m[Kâ€™ to â€˜[01m[Kint[m[Kâ€™ [-fpermissive]
     if (get(param_name, param_val))
[01;32m[K            ^[m[K
[01m[K/opt/ros/kinetic/include/ros/param.h:612:12:[m[K [01;31m[Kerror: [m[Kcannot bind rvalue â€˜[01m[K(int)param_val[m[Kâ€™ to â€˜[01m[Kint&[m[Kâ€™
[01m[K/opt/ros/kinetic/include/ros/param.h:208:18:[m[K [01;36m[Knote: [m[Kcandidate: bool ros::param::get(const string&, bool&) <near match>
 ROSCPP_DECL bool get(const std::string& key, bool& b);
[01;32m[K                  ^[m[K
[01m[K/opt/ros/kinetic/include/ros/param.h:208:18:[m[K [01;36m[Knote: [m[K  conversion of argument 2 would be ill-formed:
[01m[K/opt/ros/kinetic/include/ros/param.h:612:12:[m[K [01;31m[Kerror: [m[Kinvalid initialization of non-const reference of type â€˜[01m[Kbool&[m[Kâ€™ from an rvalue of type â€˜[01m[Kbool[m[Kâ€™
     if (get(param_name, param_val))
[01;32m[K            ^[m[K
[01m[K/opt/ros/kinetic/include/ros/param.h:217:18:[m[K [01;36m[Knote: [m[Kcandidate: bool ros::param::get(const string&, XmlRpc::XmlRpcValue&) <near match>
 ROSCPP_DECL bool get(const std::string& key, XmlRpc::XmlRpcValue& v);
[01;32m[K                  ^[m[K
[01m[K/opt/ros/kinetic/include/ros/param.h:217:18:[m[K [01;36m[Knote: [m[K  conversion of argument 2 would be ill-formed:
[01m[K/opt/ros/kinetic/include/ros/param.h:612:12:[m[K [01;31m[Kerror: [m[Kinvalid initialization of non-const reference of type â€˜[01m[KXmlRpc::XmlRpcValue&[m[Kâ€™ from an rvalue of type â€˜[01m[KXmlRpc::XmlRpcValue[m[Kâ€™
     if (get(param_name, param_val))
[01;32m[K            ^[m[K
In file included from [01m[K/opt/ros/kinetic/include/ros/node_handle.h:52:0[m[K,
                 from [01m[K/opt/ros/kinetic/include/ros/ros.h:45[m[K,
                 from [01m[K/home/nicolas/catkin_ws/src/aubo_robot/aubo_driver/src/aubo_control.cpp:1[m[K:
[01m[K/opt/ros/kinetic/include/xmlrpcpp/XmlRpcValue.h:49:5:[m[K [01;36m[Knote: [m[K  after user-defined conversion: XmlRpc::XmlRpcValue::XmlRpcValue(bool)
     XmlRpcValue(bool value) : _type(TypeBoolean) { _value.asBool = value; }
[01;32m[K     ^[m[K
In file included from [01m[K/opt/ros/kinetic/include/ros/ros.h:54:0[m[K,
                 from [01m[K/home/nicolas/catkin_ws/src/aubo_robot/aubo_driver/src/aubo_control.cpp:1[m[K:
[01m[K/opt/ros/kinetic/include/ros/param.h:172:18:[m[K [01;36m[Knote: [m[Kcandidate: bool ros::param::get(const string&, std::__cxx11::string&)
 ROSCPP_DECL bool get(const std::string& key, std::string& s);
[01;32m[K                  ^[m[K
[01m[K/opt/ros/kinetic/include/ros/param.h:172:18:[m[K [01;36m[Knote: [m[K  no known conversion for argument 2 from â€˜[01m[Kdouble [3][m[Kâ€™ to â€˜[01m[Kstd::__cxx11::string& {aka std::__cxx11::basic_string<char>&}[m[Kâ€™
[01m[K/opt/ros/kinetic/include/ros/param.h:181:18:[m[K [01;36m[Knote: [m[Kcandidate: bool ros::param::get(const string&, double&)
 ROSCPP_DECL bool get(const std::string& key, double& d);
[01;32m[K                  ^[m[K
[01m[K/opt/ros/kinetic/include/ros/param.h:181:18:[m[K [01;36m[Knote: [m[K  no known conversion for argument 2 from â€˜[01m[Kdouble [3][m[Kâ€™ to â€˜[01m[Kdouble&[m[Kâ€™
[01m[K/opt/ros/kinetic/include/ros/param.h:190:18:[m[K [01;36m[Knote: [m[Kcandidate: bool ros::param::get(const string&, float&)
 ROSCPP_DECL bool get(const std::string& key, float& f);
[01;32m[K                  ^[m[K
[01m[K/opt/ros/kinetic/include/ros/param.h:190:18:[m[K [01;36m[Knote: [m[K  no known conversion for argument 2 from â€˜[01m[Kdouble [3][m[Kâ€™ to â€˜[01m[Kfloat&[m[Kâ€™
[01m[K/opt/ros/kinetic/include/ros/param.h:312:18:[m[K [01;36m[Knote: [m[Kcandidate: bool ros::param::get(const string&, std::vector<std::__cxx11::basic_string<char> >&)
 ROSCPP_DECL bool get(const std::string& key, std::vector<std::string>& vec);
[01;32m[K                  ^[m[K
[01m[K/opt/ros/kinetic/include/ros/param.h:312:18:[m[K [01;36m[Knote: [m[K  no known conversion for argument 2 from â€˜[01m[Kdouble [3][m[Kâ€™ to â€˜[01m[Kstd::vector<std::__cxx11::basic_string<char> >&[m[Kâ€™
[01m[K/opt/ros/kinetic/include/ros/param.h:321:18:[m[K [01;36m[Knote: [m[Kcandidate: bool ros::param::get(const string&, std::vector<double>&)
 ROSCPP_DECL bool get(const std::string& key, std::vector<double>& vec);
[01;32m[K                  ^[m[K
[01m[K/opt/ros/kinetic/include/ros/param.h:321:18:[m[K [01;36m[Knote: [m[K  no known conversion for argument 2 from â€˜[01m[Kdouble [3][m[Kâ€™ to â€˜[01m[Kstd::vector<double>&[m[Kâ€™
[01m[K/opt/ros/kinetic/include/ros/param.h:330:18:[m[K [01;36m[Knote: [m[Kcandidate: bool ros::param::get(const string&, std::vector<float>&)
 ROSCPP_DECL bool get(const std::string& key, std::vector<float>& vec);
[01;32m[K                  ^[m[K
[01m[K/opt/ros/kinetic/include/ros/param.h:330:18:[m[K [01;36m[Knote: [m[K  no known conversion for argument 2 from â€˜[01m[Kdouble [3][m[Kâ€™ to â€˜[01m[Kstd::vector<float>&[m[Kâ€™
[01m[K/opt/ros/kinetic/include/ros/param.h:339:18:[m[K [01;36m[Knote: [m[Kcandidate: bool ros::param::get(const string&, std::vector<int>&)
 ROSCPP_DECL bool get(const std::string& key, std::vector<int>& vec);
[01;32m[K                  ^[m[K
[01m[K/opt/ros/kinetic/include/ros/param.h:339:18:[m[K [01;36m[Knote: [m[K  no known conversion for argument 2 from â€˜[01m[Kdouble [3][m[Kâ€™ to â€˜[01m[Kstd::vector<int>&[m[Kâ€™
[01m[K/opt/ros/kinetic/include/ros/param.h:348:18:[m[K [01;36m[Knote: [m[Kcandidate: bool ros::param::get(const string&, std::vector<bool>&)
 ROSCPP_DECL bool get(const std::string& key, std::vector<bool>& vec);
[01;32m[K                  ^[m[K
[01m[K/opt/ros/kinetic/include/ros/param.h:348:18:[m[K [01;36m[Knote: [m[K  no known conversion for argument 2 from â€˜[01m[Kdouble [3][m[Kâ€™ to â€˜[01m[Kstd::vector<bool>&[m[Kâ€™
[01m[K/opt/ros/kinetic/include/ros/param.h:429:18:[m[K [01;36m[Knote: [m[Kcandidate: bool ros::param::get(const string&, std::map<std::__cxx11::basic_string<char>, std::__cxx11::basic_string<char> >&)
 ROSCPP_DECL bool get(const std::string& key, std::map<std::string, std::string>& map);
[01;32m[K                  ^[m[K
[01m[K/opt/ros/kinetic/include/ros/param.h:429:18:[m[K [01;36m[Knote: [m[K  no known conversion for argument 2 from â€˜[01m[Kdouble [3][m[Kâ€™ to â€˜[01m[Kstd::map<std::__cxx11::basic_string<char>, std::__cxx11::basic_string<char> >&[m[Kâ€™
[01m[K/opt/ros/kinetic/include/ros/param.h:438:18:[m[K [01;36m[Knote: [m[Kcandidate: bool ros::param::get(const string&, std::map<std::__cxx11::basic_string<char>, double>&)
 ROSCPP_DECL bool get(const std::string& key, std::map<std::string, double>& map);
[01;32m[K                  ^[m[K
[01m[K/opt/ros/kinetic/include/ros/param.h:438:18:[m[K [01;36m[Knote: [m[K  no known conversion for argument 2 from â€˜[01m[Kdouble [3][m[Kâ€™ to â€˜[01m[Kstd::map<std::__cxx11::basic_string<char>, double>&[m[Kâ€™
[01m[K/opt/ros/kinetic/include/ros/param.h:447:18:[m[K [01;36m[Knote: [m[Kcandidate: bool ros::param::get(const string&, std::map<std::__cxx11::basic_string<char>, float>&)
 ROSCPP_DECL bool get(const std::string& key, std::map<std::string, float>& map);
[01;32m[K                  ^[m[K
[01m[K/opt/ros/kinetic/include/ros/param.h:447:18:[m[K [01;36m[Knote: [m[K  no known conversion for argument 2 from â€˜[01m[Kdouble [3][m[Kâ€™ to â€˜[01m[Kstd::map<std::__cxx11::basic_string<char>, float>&[m[Kâ€™
[01m[K/opt/ros/kinetic/include/ros/param.h:456:18:[m[K [01;36m[Knote: [m[Kcandidate: bool ros::param::get(const string&, std::map<std::__cxx11::basic_string<char>, int>&)
 ROSCPP_DECL bool get(const std::string& key, std::map<std::string, int>& map);
[01;32m[K                  ^[m[K
[01m[K/opt/ros/kinetic/include/ros/param.h:456:18:[m[K [01;36m[Knote: [m[K  no known conversion for argument 2 from â€˜[01m[Kdouble [3][m[Kâ€™ to â€˜[01m[Kstd::map<std::__cxx11::basic_string<char>, int>&[m[Kâ€™
[01m[K/opt/ros/kinetic/include/ros/param.h:465:18:[m[K [01;36m[Knote: [m[Kcandidate: bool ros::param::get(const string&, std::map<std::__cxx11::basic_string<char>, bool>&)
 ROSCPP_DECL bool get(const std::string& key, std::map<std::string, bool>& map);
[01;32m[K                  ^[m[K
[01m[K/opt/ros/kinetic/include/ros/param.h:465:18:[m[K [01;36m[Knote: [m[K  no known conversion for argument 2 from â€˜[01m[Kdouble [3][m[Kâ€™ to â€˜[01m[Kstd::map<std::__cxx11::basic_string<char>, bool>&[m[Kâ€™
In file included from [01m[K/usr/include/c++/5/bits/unique_ptr.h:37:0[m[K,
                 from [01m[K/usr/include/c++/5/bits/locale_conv.h:41[m[K,
                 from [01m[K/usr/include/c++/5/locale:43[m[K,
                 from [01m[K/usr/include/c++/5/iomanip:43[m[K,
                 from [01m[K/usr/include/boost/math/policies/error_handling.hpp:12[m[K,
                 from [01m[K/usr/include/boost/math/special_functions/round.hpp:14[m[K,
                 from [01m[K/opt/ros/kinetic/include/ros/time.h:58[m[K,
                 from [01m[K/opt/ros/kinetic/include/ros/ros.h:38[m[K,
                 from [01m[K/home/nicolas/catkin_ws/src/aubo_robot/aubo_driver/src/aubo_control.cpp:1[m[K:
[01m[K/usr/include/c++/5/tuple:844:5:[m[K [01;36m[Knote: [m[Kcandidate: template<unsigned int __i, class ... _Elements> constexpr std::__tuple_element_t<__i, std::tuple<_Elements ...> >&& std::get(std::tuple<_Elements ...>&&)
     get(tuple<_Elements...>&& __t) noexcept
[01;32m[K     ^[m[K
[01m[K/usr/include/c++/5/tuple:844:5:[m[K [01;36m[Knote: [m[K  template argument deduction/substitution failed:
In file included from [01m[K/opt/ros/kinetic/include/ros/ros.h:54:0[m[K,
                 from [01m[K/home/nicolas/catkin_ws/src/aubo_robot/aubo_driver/src/aubo_control.cpp:1[m[K:
[01m[K/opt/ros/kinetic/include/ros/param.h:612:12:[m[K [01;36m[Knote: [m[K  types â€˜[01m[Kstd::tuple<_Elements ...>[m[Kâ€™ and â€˜[01m[Kconst string {aka const std::__cxx11::basic_string<char>}[m[Kâ€™ have incompatible cv-qualifiers
     if (get(param_name, param_val))
[01;32m[K            ^[m[K
In file included from [01m[K/usr/include/c++/5/bits/unique_ptr.h:37:0[m[K,
                 from [01m[K/usr/include/c++/5/bits/locale_conv.h:41[m[K,
                 from [01m[K/usr/include/c++/5/locale:43[m[K,
                 from [01m[K/usr/include/c++/5/iomanip:43[m[K,
                 from [01m[K/usr/include/boost/math/policies/error_handling.hpp:12[m[K,
                 from [01m[K/usr/include/boost/math/special_functions/round.hpp:14[m[K,
                 from [01m[K/opt/ros/kinetic/include/ros/time.h:58[m[K,
                 from [01m[K/opt/ros/kinetic/include/ros/ros.h:38[m[K,
                 from [01m[K/home/nicolas/catkin_ws/src/aubo_robot/aubo_driver/src/aubo_control.cpp:1[m[K:
[01m[K/usr/include/c++/5/tuple:838:5:[m[K [01;36m[Knote: [m[Kcandidate: template<unsigned int __i, class ... _Elements> constexpr std::__tuple_element_t<__i, std::tuple<_Elements ...> >& std::get(const std::tuple<_Elements ...>&)
     get(const tuple<_Elements...>& __t) noexcept
[01;32m[K     ^[m[K
[01m[K/usr/include/c++/5/tuple:838:5:[m[K [01;36m[Knote: [m[K  template argument deduction/substitution failed:
In file included from [01m[K/opt/ros/kinetic/include/ros/ros.h:54:0[m[K,
                 from [01m[K/home/nicolas/catkin_ws/src/aubo_robot/aubo_driver/src/aubo_control.cpp:1[m[K:
[01m[K/opt/ros/kinetic/include/ros/param.h:612:12:[m[K [01;36m[Knote: [m[K  â€˜[01m[Kconst string {aka const std::__cxx11::basic_string<char>}[m[Kâ€™ is not derived from â€˜[01m[Kconst std::tuple<_Elements ...>[m[Kâ€™
     if (get(param_name, param_val))
[01;32m[K            ^[m[K
In file included from [01m[K/usr/include/c++/5/bits/unique_ptr.h:37:0[m[K,
                 from [01m[K/usr/include/c++/5/bits/locale_conv.h:41[m[K,
                 from [01m[K/usr/include/c++/5/locale:43[m[K,
                 from [01m[K/usr/include/c++/5/iomanip:43[m[K,
                 from [01m[K/usr/include/boost/math/policies/error_handling.hpp:12[m[K,
                 from [01m[K/usr/include/boost/math/special_functions/round.hpp:14[m[K,
                 from [01m[K/opt/ros/kinetic/include/ros/time.h:58[m[K,
                 from [01m[K/opt/ros/kinetic/include/ros/ros.h:38[m[K,
                 from [01m[K/home/nicolas/catkin_ws/src/aubo_robot/aubo_driver/src/aubo_control.cpp:1[m[K:
[01m[K/usr/include/c++/5/tuple:832:5:[m[K [01;36m[Knote: [m[Kcandidate: template<unsigned int __i, class ... _Elements> constexpr std::__tuple_element_t<__i, std::tuple<_Elements ...> >& std::get(std::tuple<_Elements ...>&)
     get(tuple<_Elements...>& __t) noexcept
[01;32m[K     ^[m[K
[01m[K/usr/include/c++/5/tuple:832:5:[m[K [01;36m[Knote: [m[K  template argument deduction/substitution failed:
In file included from [01m[K/opt/ros/kinetic/include/ros/ros.h:54:0[m[K,
                 from [01m[K/home/nicolas/catkin_ws/src/aubo_robot/aubo_driver/src/aubo_control.cpp:1[m[K:
[01m[K/opt/ros/kinetic/include/ros/param.h:612:12:[m[K [01;36m[Knote: [m[K  types â€˜[01m[Kstd::tuple<_Elements ...>[m[Kâ€™ and â€˜[01m[Kconst string {aka const std::__cxx11::basic_string<char>}[m[Kâ€™ have incompatible cv-qualifiers
     if (get(param_name, param_val))
[01;32m[K            ^[m[K
In file included from [01m[K/usr/include/c++/5/tuple:39:0[m[K,
                 from [01m[K/usr/include/c++/5/bits/unique_ptr.h:37[m[K,
                 from [01m[K/usr/include/c++/5/bits/locale_conv.h:41[m[K,
                 from [01m[K/usr/include/c++/5/locale:43[m[K,
                 from [01m[K/usr/include/c++/5/iomanip:43[m[K,
                 from [01m[K/usr/include/boost/math/policies/error_handling.hpp:12[m[K,
                 from [01m[K/usr/include/boost/math/special_functions/round.hpp:14[m[K,
                 from [01m[K/opt/ros/kinetic/include/ros/time.h:58[m[K,
                 from [01m[K/opt/ros/kinetic/include/ros/ros.h:38[m[K,
                 from [01m[K/home/nicolas/catkin_ws/src/aubo_robot/aubo_driver/src/aubo_control.cpp:1[m[K:
[01m[K/usr/include/c++/5/array:297:5:[m[K [01;36m[Knote: [m[Kcandidate: template<unsigned int _Int, class _Tp, unsigned int _Nm> constexpr const _Tp& std::get(const std::array<_Tp, _Nm>&)
     get(const array<_Tp, _Nm>& __arr) noexcept
[01;32m[K     ^[m[K
[01m[K/usr/include/c++/5/array:297:5:[m[K [01;36m[Knote: [m[K  template argument deduction/substitution failed:
In file included from [01m[K/opt/ros/kinetic/include/ros/ros.h:54:0[m[K,
                 from [01m[K/home/nicolas/catkin_ws/src/aubo_robot/aubo_driver/src/aubo_control.cpp:1[m[K:
[01m[K/opt/ros/kinetic/include/ros/param.h:612:12:[m[K [01;36m[Knote: [m[K  â€˜[01m[Kconst string {aka const std::__cxx11::basic_string<char>}[m[Kâ€™ is not derived from â€˜[01m[Kconst std::array<_Tp, _Nm>[m[Kâ€™
     if (get(param_name, param_val))
[01;32m[K            ^[m[K
In file included from [01m[K/usr/include/c++/5/tuple:39:0[m[K,
                 from [01m[K/usr/include/c++/5/bits/unique_ptr.h:37[m[K,
                 from [01m[K/usr/include/c++/5/bits/locale_conv.h:41[m[K,
                 from [01m[K/usr/include/c++/5/locale:43[m[K,
                 from [01m[K/usr/include/c++/5/iomanip:43[m[K,
                 from [01m[K/usr/include/boost/math/policies/error_handling.hpp:12[m[K,
                 from [01m[K/usr/include/boost/math/special_functions/round.hpp:14[m[K,
                 from [01m[K/opt/ros/kinetic/include/ros/time.h:58[m[K,
                 from [01m[K/opt/ros/kinetic/include/ros/ros.h:38[m[K,
                 from [01m[K/home/nicolas/catkin_ws/src/aubo_robot/aubo_driver/src/aubo_control.cpp:1[m[K:
[01m[K/usr/include/c++/5/array:289:5:[m[K [01;36m[Knote: [m[Kcandidate: template<unsigned int _Int, class _Tp, unsigned int _Nm> constexpr _Tp&& std::get(std::array<_Tp, _Nm>&&)
     get(array<_Tp, _Nm>&& __arr) noexcept
[01;32m[K     ^[m[K
[01m[K/usr/include/c++/5/array:289:5:[m[K [01;36m[Knote: [m[K  template argument deduction/substitution failed:
In file included from [01m[K/opt/ros/kinetic/include/ros/ros.h:54:0[m[K,
                 from [01m[K/home/nicolas/catkin_ws/src/aubo_robot/aubo_driver/src/aubo_control.cpp:1[m[K:
[01m[K/opt/ros/kinetic/include/ros/param.h:612:12:[m[K [01;36m[Knote: [m[K  types â€˜[01m[Kstd::array<_Tp, _Nm>[m[Kâ€™ and â€˜[01m[Kconst string {aka const std::__cxx11::basic_string<char>}[m[Kâ€™ have incompatible cv-qualifiers
     if (get(param_name, param_val))
[01;32m[K            ^[m[K
In file included from [01m[K/usr/include/c++/5/tuple:39:0[m[K,
                 from [01m[K/usr/include/c++/5/bits/unique_ptr.h:37[m[K,
                 from [01m[K/usr/include/c++/5/bits/locale_conv.h:41[m[K,
                 from [01m[K/usr/include/c++/5/locale:43[m[K,
                 from [01m[K/usr/include/c++/5/iomanip:43[m[K,
                 from [01m[K/usr/include/boost/math/policies/error_handling.hpp:12[m[K,
                 from [01m[K/usr/include/boost/math/special_functions/round.hpp:14[m[K,
                 from [01m[K/opt/ros/kinetic/include/ros/time.h:58[m[K,
                 from [01m[K/opt/ros/kinetic/include/ros/ros.h:38[m[K,
                 from [01m[K/home/nicolas/catkin_ws/src/aubo_robot/aubo_driver/src/aubo_control.cpp:1[m[K:
[01m[K/usr/include/c++/5/array:280:5:[m[K [01;36m[Knote: [m[Kcandidate: template<unsigned int _Int, class _Tp, unsigned int _Nm> constexpr _Tp& std::get(std::array<_Tp, _Nm>&)
     get(array<_Tp, _Nm>& __arr) noexcept
[01;32m[K     ^[m[K
[01m[K/usr/include/c++/5/array:280:5:[m[K [01;36m[Knote: [m[K  template argument deduction/substitution failed:
In file included from [01m[K/opt/ros/kinetic/include/ros/ros.h:54:0[m[K,
                 from [01m[K/home/nicolas/catkin_ws/src/aubo_robot/aubo_driver/src/aubo_control.cpp:1[m[K:
[01m[K/opt/ros/kinetic/include/ros/param.h:612:12:[m[K [01;36m[Knote: [m[K  types â€˜[01m[Kstd::array<_Tp, _Nm>[m[Kâ€™ and â€˜[01m[Kconst string {aka const std::__cxx11::basic_string<char>}[m[Kâ€™ have incompatible cv-qualifiers
     if (get(param_name, param_val))
[01;32m[K            ^[m[K
In file included from [01m[K/usr/include/c++/5/algorithm:60:0[m[K,
                 from [01m[K/usr/include/boost/math/tools/config.hpp:17[m[K,
                 from [01m[K/usr/include/boost/math/special_functions/round.hpp:13[m[K,
                 from [01m[K/opt/ros/kinetic/include/ros/time.h:58[m[K,
                 from [01m[K/opt/ros/kinetic/include/ros/ros.h:38[m[K,
                 from [01m[K/home/nicolas/catkin_ws/src/aubo_robot/aubo_driver/src/aubo_control.cpp:1[m[K:
[01m[K/usr/include/c++/5/utility:157:5:[m[K [01;36m[Knote: [m[Kcandidate: template<unsigned int _Int, class _Tp1, class _Tp2> constexpr const typename std::tuple_element<_Int, std::pair<_Tp1, _Tp2> >::type& std::get(const std::pair<_Tp1, _Tp2>&)
     get(const std::pair<_Tp1, _Tp2>& __in) noexcept
[01;32m[K     ^[m[K
[01m[K/usr/include/c++/5/utility:157:5:[m[K [01;36m[Knote: [m[K  template argument deduction/substitution failed:
In file included from [01m[K/opt/ros/kinetic/include/ros/ros.h:54:0[m[K,
                 from [01m[K/home/nicolas/catkin_ws/src/aubo_robot/aubo_driver/src/aubo_control.cpp:1[m[K:
[01m[K/opt/ros/kinetic/include/ros/param.h:612:12:[m[K [01;36m[Knote: [m[K  â€˜[01m[Kconst string {aka const std::__cxx11::basic_string<char>}[m[Kâ€™ is not derived from â€˜[01m[Kconst std::pair<_Tp1, _Tp2>[m[Kâ€™
     if (get(param_name, param_val))
[01;32m[K            ^[m[K
In file included from [01m[K/usr/include/c++/5/algorithm:60:0[m[K,
                 from [01m[K/usr/include/boost/math/tools/config.hpp:17[m[K,
                 from [01m[K/usr/include/boost/math/special_functions/round.hpp:13[m[K,
                 from [01m[K/opt/ros/kinetic/include/ros/time.h:58[m[K,
                 from [01m[K/opt/ros/kinetic/include/ros/ros.h:38[m[K,
                 from [01m[K/home/nicolas/catkin_ws/src/aubo_robot/aubo_driver/src/aubo_control.cpp:1[m[K:
[01m[K/usr/include/c++/5/utility:152:5:[m[K [01;36m[Knote: [m[Kcandidate: template<unsigned int _Int, class _Tp1, class _Tp2> constexpr typename std::tuple_element<_Int, std::pair<_Tp1, _Tp2> >::type&& std::get(std::pair<_Tp1, _Tp2>&&)
     get(std::pair<_Tp1, _Tp2>&& __in) noexcept
[01;32m[K     ^[m[K
[01m[K/usr/include/c++/5/utility:152:5:[m[K [01;36m[Knote: [m[K  template argument deduction/substitution failed:
In file included from [01m[K/opt/ros/kinetic/include/ros/ros.h:54:0[m[K,
                 from [01m[K/home/nicolas/catkin_ws/src/aubo_robot/aubo_driver/src/aubo_control.cpp:1[m[K:
[01m[K/opt/ros/kinetic/include/ros/param.h:612:12:[m[K [01;36m[Knote: [m[K  types â€˜[01m[Kstd::pair<_Tp1, _Tp2>[m[Kâ€™ and â€˜[01m[Kconst string {aka const std::__cxx11::basic_string<char>}[m[Kâ€™ have incompatible cv-qualifiers
     if (get(param_name, param_val))
[01;32m[K            ^[m[K
In file included from [01m[K/usr/include/c++/5/algorithm:60:0[m[K,
                 from [01m[K/usr/include/boost/math/tools/config.hpp:17[m[K,
                 from [01m[K/usr/include/boost/math/special_functions/round.hpp:13[m[K,
                 from [01m[K/opt/ros/kinetic/include/ros/time.h:58[m[K,
                 from [01m[K/opt/ros/kinetic/include/ros/ros.h:38[m[K,
                 from [01m[K/home/nicolas/catkin_ws/src/aubo_robot/aubo_driver/src/aubo_control.cpp:1[m[K:
[01m[K/usr/include/c++/5/utility:147:5:[m[K [01;36m[Knote: [m[Kcandidate: template<unsigned int _Int, class _Tp1, class _Tp2> constexpr typename std::tuple_element<_Int, std::pair<_Tp1, _Tp2> >::type& std::get(std::pair<_Tp1, _Tp2>&)
     get(std::pair<_Tp1, _Tp2>& __in) noexcept
[01;32m[K     ^[m[K
[01m[K/usr/include/c++/5/utility:147:5:[m[K [01;36m[Knote: [m[K  template argument deduction/substitution failed:
In file included from [01m[K/opt/ros/kinetic/include/ros/ros.h:54:0[m[K,
                 from [01m[K/home/nicolas/catkin_ws/src/aubo_robot/aubo_driver/src/aubo_control.cpp:1[m[K:
[01m[K/opt/ros/kinetic/include/ros/param.h:612:12:[m[K [01;36m[Knote: [m[K  types â€˜[01m[Kstd::pair<_Tp1, _Tp2>[m[Kâ€™ and â€˜[01m[Kconst string {aka const std::__cxx11::basic_string<char>}[m[Kâ€™ have incompatible cv-qualifiers
     if (get(param_name, param_val))
[01;32m[K            ^[m[K
[01m[K/opt/ros/kinetic/include/ros/param.h:618:13:[m[K [01;31m[Kerror: [m[Kinvalid array assignment
   param_val = default_val;
[01;32m[K             ^[m[K
make[2]: *** [CMakeFiles/aubo_control.dir/src/aubo_control.cpp.o] Error 1
make[1]: *** [CMakeFiles/aubo_control.dir/all] Error 2
make: *** [all] Error 2
