[ 20%] Built target xml_on_the_fly
[ 26%] Built target openloop_control
[ 33%] Built target joint_control
[ 40%] Built target filter
[35m[1mScanning dependencies of target aubo_robot[0m
[ 46%] Built target initial_conditions
[ 66%] Built target grid_trajectory
[ 73%] Built target velocity_estimator
[ 93%] Built target trajectory_publisher
[ 96%] [32mBuilding CXX object CMakeFiles/aubo_robot.dir/src/aubo_robot.cpp.o[0m
In file included from [01m[K/home/nicolas/catkin_ws/src/aubo_nico/src/aubo_robot.cpp:1:0[m[K:
[01m[K/home/nicolas/catkin_ws/src/aubo_nico/include/aubo_robot.h:17:12:[m[K [01;35m[Kwarning: [m[Knon-static data member initializers only available with -std=c++11 or -std=gnu++11
  int ret = 1;
[01;32m[K            ^[m[K
[01m[K/home/nicolas/catkin_ws/src/aubo_nico/src/aubo_robot.cpp:[m[K In function â€˜[01m[Kint main()[m[Kâ€™:
[01m[K/home/nicolas/catkin_ws/src/aubo_nico/src/aubo_robot.cpp:9:43:[m[K [01;31m[Kerror: [m[Krequest for member â€˜[01m[Kret[m[Kâ€™ in â€˜[01m[Kjointcontrol[m[Kâ€™, which is of non-class type â€˜[01m[KJointControl()[m[Kâ€™
     std::cout << "ret = " << jointcontrol.ret << std::endl;
[01;32m[K                                           ^[m[K
CMakeFiles/aubo_robot.dir/build.make:62: recipe for target 'CMakeFiles/aubo_robot.dir/src/aubo_robot.cpp.o' failed
make[2]: *** [CMakeFiles/aubo_robot.dir/src/aubo_robot.cpp.o] Error 1
CMakeFiles/Makefile2:412: recipe for target 'CMakeFiles/aubo_robot.dir/all' failed
make[1]: *** [CMakeFiles/aubo_robot.dir/all] Error 2
Makefile:138: recipe for target 'all' failed
make: *** [all] Error 2
