In file included from [01m[K/home/nicolas/catkin_ws/src/aubo_nico/src/aubo_robot.cpp:1:0[m[K:
[01m[K/home/nicolas/catkin_ws/src/aubo_nico/include/aubo_robot.h:17:12:[m[K [01;35m[Kwarning: [m[Knon-static data member initializers only available with -std=c++11 or -std=gnu++11
  int ret = 1;
[01;32m[K            ^[m[K
[01m[K/home/nicolas/catkin_ws/src/aubo_nico/src/aubo_robot.cpp:[m[K In function â€˜[01m[Kint main()[m[Kâ€™:
[01m[K/home/nicolas/catkin_ws/src/aubo_nico/src/aubo_robot.cpp:8:30:[m[K [01;31m[Kerror: [m[Kâ€˜[01m[Kret[m[Kâ€™ was not declared in this scope
     std::cout << "ret = " << ret << std::endl;
[01;32m[K                              ^[m[K
make[2]: *** [CMakeFiles/aubo_robot.dir/src/aubo_robot.cpp.o] Error 1
make[1]: *** [CMakeFiles/aubo_robot.dir/all] Error 2
make: *** [all] Error 2
