[01m[K/home/nicolas/catkin_ws/src/aubo_nico/src/aubo_robot.cpp:[m[K In function â€˜[01m[Kint main()[m[Kâ€™:
[01m[K/home/nicolas/catkin_ws/src/aubo_nico/src/aubo_robot.cpp:6:34:[m[K [01;31m[Kerror: [m[Kâ€˜[01m[KARM_DOF[m[Kâ€™ was not declared in this scope
     std::cout << "ARM_DOF = " << ARM_DOF << std::endl;
[01;32m[K                                  ^[m[K
make[2]: *** [CMakeFiles/aubo_robot.dir/src/aubo_robot.cpp.o] Error 1
make[1]: *** [CMakeFiles/aubo_robot.dir/all] Error 2
make: *** [all] Error 2
